\BOOKMARK [1][-]{section.1}{INTRODUCCIÓN HISTÓRICA DEL DODECAFONISMO}{}% 1
\BOOKMARK [2][-]{subsection.1.1}{La\040historia\040de\040la\040disonancia}{section.1}% 2
\BOOKMARK [2][-]{subsection.1.2}{Wagner, Mahler y la emancipación de la disonancia}{section.1}% 3
\BOOKMARK [2][-]{subsection.1.3}{Hacia\040el\040atonalismo\040de\040Schoenberg}{section.1}% 4
\BOOKMARK [2][-]{subsection.1.4}{El surgimiento del sistema dodecafónico}{section.1}% 5
\BOOKMARK [1][-]{section.2}{EL SISTEMA DODECAFÓNICO DE SCHOENBERG}{}% 6
\BOOKMARK [2][-]{subsection.2.1}{Los\040postulados\040del\040dodecafonismo}{section.2}% 7
\BOOKMARK [2][-]{subsection.2.2}{Las\040transformaciones\040de\040una\040serie}{section.2}% 8
\BOOKMARK [3][-]{subsubsection.2.2.1}{Transposiciones}{subsection.2.2}% 9
\BOOKMARK [3][-]{subsubsection.2.2.2}{Retrogradación}{subsection.2.2}% 10
\BOOKMARK [3][-]{subsubsection.2.2.3}{Inversión}{subsection.2.2}% 11
\BOOKMARK [2][-]{subsection.2.3}{Matrices dodecafónicas}{section.2}% 12
\BOOKMARK [1][-]{section.3}{ANÁLISIS DE UNA OBRA DODECAFÓNICA: OP. 25}{}% 13
\BOOKMARK [2][-]{subsection.3.1}{Series\040de\040la\040Suite\040op.\04025}{section.3}% 14
\BOOKMARK [2][-]{subsection.3.2}{Descripción de la Suite op. 25}{section.3}% 15
\BOOKMARK [2][-]{subsection.3.3}{Análisis de la Musette}{section.3}% 16
\BOOKMARK [1][-]{section.4}{INTRODUCCIÓN MATEMÁTICA}{}% 17
\BOOKMARK [2][-]{subsection.4.1}{Conjuntos\040y\040grupos}{section.4}% 18
\BOOKMARK [2][-]{subsection.4.2}{Funciones\040y\040permutaciones}{section.4}% 19
\BOOKMARK [2][-]{subsection.4.3}{Aritmética modular}{section.4}% 20
